16:37:25.509 [main                     ] DEBUG GameApplication      - Logger initialized
16:37:25.609 [main                     ] DEBUG GameApplication      - Logging settings
Title: FXGL GOLD MINERS
Version: 0.1
Width: 880
Height: 800
Fullscreen: false
Intro: false
Menus: false
Profiling: false
Single step:false
App Mode: DEVELOPER
Menu Key: ESCAPE
Stage Style: DECORATED
Scene Factory: class com.almasb.fxgl.app.SceneFactory
Dialog Factory: class com.almasb.fxgl.ui.FXGLDialogFactory
UI Factory: class com.almasb.fxgl.ui.FXGLUIFactory

16:37:27.087 [JavaFX Application Thread] DEBUG Engine               - Initializing FXGL
16:37:27.088 [JavaFX Application Thread] INFO  Engine               - FXGL-11.7 (05.01.2020 09.37) on WINDOWS (J:11.0.5 FX:12.0.1)
16:37:27.088 [JavaFX Application Thread] INFO  Engine               - Source code and latest versions at: https://github.com/AlmasB/FXGL
16:37:27.089 [JavaFX Application Thread] INFO  Engine               -              Join the FXGL chat at: https://gitter.im/AlmasB/FXGL
16:37:27.089 [JavaFX Application Thread] DEBUG Engine               - Initializing environment variables
16:37:27.096 [JavaFX Application Thread] DEBUG Engine               - Logging environment variables
16:37:27.096 [JavaFX Application Thread] DEBUG Engine               - achievements: []
16:37:27.097 [JavaFX Application Thread] DEBUG Engine               - sceneStack: com.almasb.fxgl.app.Engine@58836466
16:37:27.097 [JavaFX Application Thread] DEBUG Engine               - language: ObjectProperty [value: ENGLISH]
16:37:27.097 [JavaFX Application Thread] DEBUG Engine               - isCloseConfirmation: false
16:37:27.098 [JavaFX Application Thread] DEBUG Engine               - isProfilingEnabled: false
16:37:27.098 [JavaFX Application Thread] DEBUG Engine               - soundNotification: core/notification.wav
16:37:27.098 [JavaFX Application Thread] DEBUG Engine               - devShowBBoxProperty: BooleanProperty [value: false]
16:37:27.101 [JavaFX Application Thread] DEBUG Engine               - pixelsPerMeter: 50.0
16:37:27.102 [JavaFX Application Thread] DEBUG Engine               - overlayRoot: Group@a9195c9
16:37:27.102 [JavaFX Application Thread] DEBUG Engine               - soundMenuBack: menu/back.wav
16:37:27.102 [JavaFX Application Thread] DEBUG Engine               - appIcon: fxgl_icon.png
16:37:27.102 [JavaFX Application Thread] DEBUG Engine               - isFullScreenAllowed: false
16:37:27.102 [JavaFX Application Thread] DEBUG Engine               - isIntroEnabled: false
16:37:27.102 [JavaFX Application Thread] DEBUG Engine               - eventBus: com.almasb.fxgl.event.EventBus@2c46dcf7
16:37:27.103 [JavaFX Application Thread] DEBUG Engine               - fontMono: lucida_console.ttf
16:37:27.103 [JavaFX Application Thread] DEBUG Engine               - soundMenuSelect: menu/select.wav
16:37:27.103 [JavaFX Application Thread] DEBUG Engine               - isWindows: true
16:37:27.103 [JavaFX Application Thread] DEBUG Engine               - isMobile: false
16:37:27.103 [JavaFX Application Thread] DEBUG Engine               - height: 800
16:37:27.104 [JavaFX Application Thread] DEBUG Engine               - isExperimentalNative: false
16:37:27.104 [JavaFX Application Thread] DEBUG Engine               - cSSList: [fxgl_dark.css]
16:37:27.104 [JavaFX Application Thread] DEBUG Engine               - isSingleStep: false
16:37:27.105 [JavaFX Application Thread] DEBUG Engine               - fontGame: Abel-Regular.ttf
16:37:27.105 [JavaFX Application Thread] DEBUG Engine               - menuKey: ESCAPE
16:37:27.105 [JavaFX Application Thread] DEBUG Engine               - devShowPositionProperty: BooleanProperty [value: false]
16:37:27.105 [JavaFX Application Thread] DEBUG Engine               - versionCheckDays: 7
16:37:27.106 [JavaFX Application Thread] DEBUG Engine               - masterTimer: com.almasb.fxgl.time.Timer@6fa53d4d
16:37:27.106 [JavaFX Application Thread] DEBUG Engine               - configClass: Optional.empty
16:37:27.106 [JavaFX Application Thread] DEBUG Engine               - isFullScreenFromStart: false
16:37:27.107 [JavaFX Application Thread] DEBUG Engine               - version: 0.1
16:37:27.107 [JavaFX Application Thread] DEBUG Engine               - fullScreen: BooleanProperty [value: false]
16:37:27.109 [JavaFX Application Thread] DEBUG Engine               - randomSeed: -1
16:37:27.112 [JavaFX Application Thread] DEBUG Engine               - dialogFactory: com.almasb.fxgl.ui.FXGLDialogFactory@7c75b39d
16:37:27.112 [JavaFX Application Thread] DEBUG Engine               - applicationMode: DEVELOPER
16:37:27.112 [JavaFX Application Thread] DEBUG Engine               - isMac: false
16:37:27.112 [JavaFX Application Thread] DEBUG Engine               - urlGoogleForms: https://goo.gl/forms/6wrMnOBxTE1fEpOy2
16:37:27.112 [JavaFX Application Thread] DEBUG Engine               - isMenuEnabled: false
16:37:27.112 [JavaFX Application Thread] DEBUG Engine               - urlPOM: https://raw.githubusercontent.com/AlmasB/FXGL/master/pom.xml
16:37:27.113 [JavaFX Application Thread] DEBUG Engine               - profileName: user.profile
16:37:27.113 [JavaFX Application Thread] DEBUG Engine               - notificationViewClass: class com.almasb.fxgl.notification.view.XboxNotificationView
16:37:27.113 [JavaFX Application Thread] DEBUG Engine               - devSensorColorProperty: ObjectProperty [value: 0xffff00ff]
16:37:27.113 [JavaFX Application Thread] DEBUG Engine               - sceneFactory: com.almasb.fxgl.app.SceneFactory@7acc4e07
16:37:27.114 [JavaFX Application Thread] DEBUG Engine               - dataFileExt: .dat
16:37:27.114 [JavaFX Application Thread] DEBUG Engine               - stageStyle: DECORATED
16:37:27.114 [JavaFX Application Thread] DEBUG Engine               - isManualResizeEnabled: true
16:37:27.114 [JavaFX Application Thread] DEBUG Engine               - title: FXGL GOLD MINERS
16:37:27.114 [JavaFX Application Thread] DEBUG Engine               - platform: WINDOWS
16:37:27.114 [JavaFX Application Thread] DEBUG Engine               - devBBoxColorProperty: ObjectProperty [value: 0xff0000ff]
16:37:27.115 [JavaFX Application Thread] DEBUG Engine               - isDesktop: true
16:37:27.115 [JavaFX Application Thread] DEBUG Engine               - credits: []
16:37:27.115 [JavaFX Application Thread] DEBUG Engine               - globalMusicVolumeProperty: DoubleProperty [value: 0.5]
16:37:27.115 [JavaFX Application Thread] DEBUG Engine               - uIFactory: com.almasb.fxgl.ui.FXGLUIFactory@60f784cd
16:37:27.116 [JavaFX Application Thread] DEBUG Engine               - isPreserveResizeRatio: true
16:37:27.116 [JavaFX Application Thread] DEBUG Engine               - fontText: Courier-Prime.ttf
16:37:27.116 [JavaFX Application Thread] DEBUG Engine               - isExperimentalTiledLargeMap: false
16:37:27.116 [JavaFX Application Thread] DEBUG Engine               - secondsIn24h: 60
16:37:27.116 [JavaFX Application Thread] DEBUG Engine               - runtimeInfo: RuntimeInfo(platform=WINDOWS, version=11.7, build=05.01.2020 09.37)
16:37:27.117 [JavaFX Application Thread] DEBUG Engine               - isLinux: false
16:37:27.117 [JavaFX Application Thread] DEBUG Engine               - soundMenuPress: menu/press.wav
16:37:27.117 [JavaFX Application Thread] DEBUG Engine               - urlGithub: https://github.com/AlmasB/FXGL
16:37:27.117 [JavaFX Application Thread] DEBUG Engine               - profileDir: profiles/
16:37:27.117 [JavaFX Application Thread] DEBUG Engine               - isDeveloperMenuEnabled: false
16:37:27.117 [JavaFX Application Thread] DEBUG Engine               - globalSoundVolumeProperty: DoubleProperty [value: 0.5]
16:37:27.118 [JavaFX Application Thread] DEBUG Engine               - isBrowser: false
16:37:27.118 [JavaFX Application Thread] DEBUG Engine               - globalSoundVolume: 0.5
16:37:27.118 [JavaFX Application Thread] DEBUG Engine               - urlLeaderboard: http://fxgl-top.herokuapp.com/
16:37:27.118 [JavaFX Application Thread] DEBUG Engine               - saveDir: saves/
16:37:27.118 [JavaFX Application Thread] DEBUG Engine               - engineServices: [class com.almasb.fxgl.audio.AudioPlayer, class com.almasb.fxgl.notification.impl.NotificationServiceProvider, class com.almasb.fxgl.achievement.AchievementManager, class com.almasb.fxgl.cutscene.CutsceneService, class com.almasb.fxgl.minigames.MiniGameService]
16:37:27.118 [JavaFX Application Thread] DEBUG Engine               - globalMusicVolume: 0.5
16:37:27.118 [JavaFX Application Thread] DEBUG Engine               - width: 880
16:37:27.119 [JavaFX Application Thread] DEBUG Engine               - saveFileExt: .sav
16:37:27.119 [JavaFX Application Thread] DEBUG Engine               - isAndroid: false
16:37:27.119 [JavaFX Application Thread] DEBUG Engine               - fontUI: VarelaRound-Regular.ttf
16:37:27.119 [JavaFX Application Thread] DEBUG Engine               - enabledMenuItems: []
16:37:27.119 [JavaFX Application Thread] DEBUG Engine               - isIOS: false
16:37:27.124 [JavaFX Application Thread] DEBUG Engine               - Adding new engine service: class com.almasb.fxgl.audio.AudioPlayer
16:37:27.127 [JavaFX Application Thread] DEBUG Engine               - Adding new engine service: class com.almasb.fxgl.notification.impl.NotificationServiceProvider
16:37:27.127 [JavaFX Application Thread] DEBUG Engine               - Adding new engine service: class com.almasb.fxgl.achievement.AchievementManager
16:37:27.130 [JavaFX Application Thread] DEBUG Engine               - Adding new engine service: class com.almasb.fxgl.cutscene.CutsceneService
16:37:27.130 [JavaFX Application Thread] DEBUG Engine               - Adding new engine service: class com.almasb.fxgl.minigames.MiniGameService
16:37:27.135 [JavaFX Application Thread] DEBUG Engine               - Loading localizations
16:37:27.139 [JavaFX Application Thread] DEBUG AssetLoader          - Loading from file system: /assets/properties/languages/english.properties
16:37:27.146 [JavaFX Application Thread] DEBUG AssetLoader          - Loading from file system: /assets/properties/languages/french.properties
16:37:27.151 [JavaFX Application Thread] DEBUG AssetLoader          - Loading from file system: /assets/properties/languages/german.properties
16:37:27.154 [JavaFX Application Thread] DEBUG AssetLoader          - Loading from file system: /assets/properties/languages/russian.properties
16:37:27.157 [JavaFX Application Thread] DEBUG AssetLoader          - Loading from file system: /assets/properties/languages/hungarian.properties
16:37:27.162 [JavaFX Application Thread] DEBUG Engine               - Registering font factories
16:37:27.163 [JavaFX Application Thread] DEBUG AssetLoader          - Loading from file system: /assets/ui/fonts/VarelaRound-Regular.ttf
16:37:28.250 [JavaFX Application Thread] DEBUG AssetLoader          - Loading from file system: /assets/ui/fonts/Abel-Regular.ttf
16:37:28.274 [JavaFX Application Thread] DEBUG AssetLoader          - Loading from file system: /assets/ui/fonts/lucida_console.ttf
16:37:28.308 [JavaFX Application Thread] DEBUG AssetLoader          - Loading from file system: /assets/ui/fonts/Courier-Prime.ttf
16:37:28.348 [JavaFX Application Thread] DEBUG Engine               - Setting UI factory
16:37:28.682 [JavaFX Application Thread] DEBUG AssetLoader          - Loading from file system: /assets/textures/fxgl_logo.png
16:37:28.849 [JavaFX Application Thread] DEBUG MainWindow           - Creating a JavaFX scene
16:37:28.849 [JavaFX Application Thread] DEBUG MainWindow           - Target size > screen size
16:37:28.964 [JavaFX Application Thread] DEBUG MainWindow           - Target settings size: 880.0 x 800.0
16:37:28.964 [JavaFX Application Thread] DEBUG MainWindow           - Scaled scene size:    786.0 x 737.0
16:37:28.964 [JavaFX Application Thread] DEBUG MainWindow           - Scaled ratio: (0.8931818181818182, 0.92125)
16:37:28.967 [JavaFX Application Thread] DEBUG MainWindow           - Set initial scene to FXGLStartupScene
16:37:28.988 [JavaFX Application Thread] DEBUG AssetLoader          - Loading from file system: /assets/textures/fxgl_icon.png
16:37:29.032 [JavaFX Application Thread] DEBUG Engine               - Applying CSS: fxgl_dark.css
16:37:29.032 [JavaFX Application Thread] DEBUG AssetLoader          - Loading from file system: /assets/ui/css/fxgl_dark.css
16:37:29.044 [JavaFX Application Thread] DEBUG AssetLoader          - Loading from file system: /assets/ui/cursors/fxgl_default.png
16:37:29.049 [JavaFX Application Thread] DEBUG MainWindow           - Opening main window
16:37:29.410 [JavaFX Application Thread] DEBUG MainWindow           - Window border size: (16.0, 39.0)
16:37:29.411 [JavaFX Application Thread] DEBUG MainWindow           - Scaled size: 786.0 x 737.0
16:37:29.411 [JavaFX Application Thread] DEBUG MainWindow           - Scaled ratio: (0.8931818181818182, 0.8931818181818182)
16:37:29.411 [JavaFX Application Thread] DEBUG MainWindow           - Scene size: 786.0 x 737.0
16:37:29.411 [JavaFX Application Thread] DEBUG MainWindow           - Stage size: 802.0 x 776.0
16:37:29.515 [FXGL Background Thread 1 ] DEBUG FS                   - Loaded FSServiceImpl
16:37:29.516 [FXGL Background Thread 1 ] DEBUG Engine               - Loading FXGL system data
16:37:29.525 [FXGL Background Thread 1 ] DEBUG FSServiceImpl        - Reading from: C:\Users\ABDERRAHIM\Desktop\GoldMinerSimulation\system\fxgl.bundle
16:37:29.545 [FXGL Background Thread 1 ] DEBUG Engine               - Bundle FXGL: {}
16:37:29.545 [FXGL Background Thread 1 ] DEBUG Engine               - Initializing application scenes
16:37:29.638 [FXGL Background Thread 1 ] DEBUG GameWorld            - Game world initialized
16:37:29.800 [FXGL Background Thread 1 ] DEBUG PhysicsWorld         - Physics world initialized: appHeight=800, physics.ppm=50,0
16:37:29.804 [FXGL Background Thread 1 ] DEBUG GameScene            - Game scene initialized: 880x800
16:37:29.884 [FXGL Background Thread 1 ] DEBUG Input                - Registered new binding: Resume - Esc
16:37:29.884 [FXGL Background Thread 1 ] DEBUG AssetLoader          - Loading from file system: /assets/textures/pause_menu_bg.png
16:37:30.138 [FXGL Background Thread 1 ] DEBUG Input                - Registered new binding: Pause - Esc
16:37:30.139 [FXGL Background Thread 1 ] DEBUG Engine               - Application scenes initialized
16:37:30.159 [JavaFX Application Thread] DEBUG Engine               - Running preInit()
16:37:30.162 [JavaFX Application Thread] DEBUG Input                - Registered new binding: Screenshot - P
16:37:30.162 [JavaFX Application Thread] DEBUG Input                - Registered new binding: System info dump - CTRL+9
16:37:30.163 [JavaFX Application Thread] DEBUG Input                - Registered new binding: Restart - CTRL+R
16:37:30.163 [JavaFX Application Thread] DEBUG Engine               - generateDefaultProfile()
16:37:30.163 [JavaFX Application Thread] DEBUG Engine               - Creating default profile
16:37:30.164 [JavaFX Application Thread] DEBUG EventBus             - Firing event: SaveEvent
16:37:30.198 [JavaFX Application Thread] INFO  Engine               - FXGL initialization took: 3,063 sec
16:37:30.198 [JavaFX Application Thread] DEBUG LoopRunner           - Starting loop
16:37:30.247 [JavaFX Application Thread] DEBUG FXGLStartupScene     - STARTUP
16:37:30.248 [JavaFX Application Thread] DEBUG Engine               - Starting new game
16:37:30.263 [JavaFX Application Thread] DEBUG Input                - Clearing active input actions
16:37:30.264 [FXGL Background Thread 1 ] DEBUG InitAppTask          - Clearing previous game
16:37:30.264 [FXGL Background Thread 1 ] DEBUG GameWorld            - Clearing game world
16:37:30.264 [FXGL Background Thread 1 ] DEBUG PhysicsWorld         - Clearing physics world
16:37:30.264 [FXGL Background Thread 1 ] DEBUG GameScene            - Clearing game scene
16:37:30.265 [FXGL Background Thread 1 ] DEBUG InitAppTask          - Initializing Game
16:37:30.266 [FXGL Background Thread 1 ] DEBUG AssetLoader          - Loading from file system: /assets/textures/bg.png
16:37:30.290 [JavaFX Application Thread] DEBUG Engine               - Removing overlay from FXGLStartupScene and adding to LoadingScene
16:37:30.291 [JavaFX Application Thread] DEBUG MainWindow           - FXGLStartupScene -> LoadingScene
16:37:30.313 [FXGL Background Thread 1 ] DEBUG AssetLoader          - Loading from file system: /assets/textures/miner.png
16:37:30.324 [FXGL Background Thread 1 ] DEBUG AssetLoader          - Loading from file system: /assets/textures/obstacle.png
16:37:30.332 [FXGL Background Thread 1 ] DEBUG AssetLoader          - Loading from file system: /assets/textures/gold.png
16:37:30.334 [FXGL Background Thread 1 ] DEBUG InitAppTask          - Initializing Physics
16:37:30.334 [FXGL Background Thread 1 ] DEBUG InitAppTask          - Initializing UI
16:37:30.334 [FXGL Background Thread 1 ] DEBUG InitAppTask          - Initialization Complete
16:37:30.335 [FXGL Background Thread 1 ] INFO  InitAppTask          - Game initialization took: 0,070 sec
16:37:30.417 [JavaFX Application Thread] DEBUG Input                - Clearing active input actions
16:37:30.444 [JavaFX Application Thread] DEBUG Engine               - Removing overlay from LoadingScene and adding to GameScene
16:37:30.445 [JavaFX Application Thread] DEBUG MainWindow           - LoadingScene -> GameScene
16:38:17.191 [JavaFX Application Thread] DEBUG Engine               - Exiting FXGL
16:38:17.191 [JavaFX Application Thread] DEBUG Engine               - Shutting down background threads
16:38:17.192 [JavaFX Application Thread] DEBUG Engine               - Saving FXGL system data
16:38:17.198 [JavaFX Application Thread] DEBUG FSServiceImpl        - Writing to: C:\Users\ABDERRAHIM\Desktop\GoldMinerSimulation\system\fxgl.bundle
16:38:17.204 [JavaFX Application Thread] DEBUG Engine               - Closing logger and exiting JavaFX
