15:11:14.072 [main                     ] DEBUG GameApplication      - Logger initialized
15:11:14.137 [main                     ] DEBUG GameApplication      - Logging settings
Title: FXGL GOLD MINERS
Version: 0.1
Width: 880
Height: 800
Fullscreen: false
Intro: false
Menus: false
Profiling: false
Single step:false
App Mode: DEVELOPER
Menu Key: ESCAPE
Stage Style: DECORATED
Scene Factory: class com.almasb.fxgl.app.SceneFactory
Dialog Factory: class com.almasb.fxgl.ui.FXGLDialogFactory
UI Factory: class com.almasb.fxgl.ui.FXGLUIFactory

15:11:15.123 [JavaFX Application Thread] DEBUG Engine               - Initializing FXGL
15:11:15.124 [JavaFX Application Thread] INFO  Engine               - FXGL-11.7 (05.01.2020 09.37) on WINDOWS (J:11.0.5 FX:12.0.1)
15:11:15.124 [JavaFX Application Thread] INFO  Engine               - Source code and latest versions at: https://github.com/AlmasB/FXGL
15:11:15.125 [JavaFX Application Thread] INFO  Engine               -              Join the FXGL chat at: https://gitter.im/AlmasB/FXGL
15:11:15.126 [JavaFX Application Thread] DEBUG Engine               - Initializing environment variables
15:11:15.132 [JavaFX Application Thread] DEBUG Engine               - Logging environment variables
15:11:15.133 [JavaFX Application Thread] DEBUG Engine               - achievements: []
15:11:15.134 [JavaFX Application Thread] DEBUG Engine               - sceneStack: com.almasb.fxgl.app.Engine@564b4d4
15:11:15.134 [JavaFX Application Thread] DEBUG Engine               - language: ObjectProperty [value: ENGLISH]
15:11:15.135 [JavaFX Application Thread] DEBUG Engine               - isCloseConfirmation: false
15:11:15.136 [JavaFX Application Thread] DEBUG Engine               - isProfilingEnabled: false
15:11:15.137 [JavaFX Application Thread] DEBUG Engine               - soundNotification: core/notification.wav
15:11:15.137 [JavaFX Application Thread] DEBUG Engine               - devShowBBoxProperty: BooleanProperty [value: false]
15:11:15.139 [JavaFX Application Thread] DEBUG Engine               - pixelsPerMeter: 50.0
15:11:15.140 [JavaFX Application Thread] DEBUG Engine               - overlayRoot: Group@1b3fe8d8
15:11:15.140 [JavaFX Application Thread] DEBUG Engine               - appIcon: fxgl_icon.png
15:11:15.140 [JavaFX Application Thread] DEBUG Engine               - soundMenuBack: menu/back.wav
15:11:15.140 [JavaFX Application Thread] DEBUG Engine               - isFullScreenAllowed: false
15:11:15.141 [JavaFX Application Thread] DEBUG Engine               - isIntroEnabled: false
15:11:15.141 [JavaFX Application Thread] DEBUG Engine               - eventBus: com.almasb.fxgl.event.EventBus@676cbce
15:11:15.141 [JavaFX Application Thread] DEBUG Engine               - fontMono: lucida_console.ttf
15:11:15.141 [JavaFX Application Thread] DEBUG Engine               - soundMenuSelect: menu/select.wav
15:11:15.141 [JavaFX Application Thread] DEBUG Engine               - isWindows: true
15:11:15.142 [JavaFX Application Thread] DEBUG Engine               - isMobile: false
15:11:15.142 [JavaFX Application Thread] DEBUG Engine               - height: 800
15:11:15.142 [JavaFX Application Thread] DEBUG Engine               - isExperimentalNative: false
15:11:15.143 [JavaFX Application Thread] DEBUG Engine               - cSSList: [fxgl_dark.css]
15:11:15.143 [JavaFX Application Thread] DEBUG Engine               - isSingleStep: false
15:11:15.143 [JavaFX Application Thread] DEBUG Engine               - fontGame: Abel-Regular.ttf
15:11:15.143 [JavaFX Application Thread] DEBUG Engine               - menuKey: ESCAPE
15:11:15.144 [JavaFX Application Thread] DEBUG Engine               - devShowPositionProperty: BooleanProperty [value: false]
15:11:15.144 [JavaFX Application Thread] DEBUG Engine               - versionCheckDays: 7
15:11:15.144 [JavaFX Application Thread] DEBUG Engine               - masterTimer: com.almasb.fxgl.time.Timer@26941dc0
15:11:15.144 [JavaFX Application Thread] DEBUG Engine               - configClass: Optional.empty
15:11:15.144 [JavaFX Application Thread] DEBUG Engine               - isFullScreenFromStart: false
15:11:15.145 [JavaFX Application Thread] DEBUG Engine               - version: 0.1
15:11:15.145 [JavaFX Application Thread] DEBUG Engine               - fullScreen: BooleanProperty [value: false]
15:11:15.145 [JavaFX Application Thread] DEBUG Engine               - randomSeed: -1
15:11:15.145 [JavaFX Application Thread] DEBUG Engine               - dialogFactory: com.almasb.fxgl.ui.FXGLDialogFactory@36109190
15:11:15.146 [JavaFX Application Thread] DEBUG Engine               - applicationMode: DEVELOPER
15:11:15.146 [JavaFX Application Thread] DEBUG Engine               - isMac: false
15:11:15.146 [JavaFX Application Thread] DEBUG Engine               - urlGoogleForms: https://goo.gl/forms/6wrMnOBxTE1fEpOy2
15:11:15.147 [JavaFX Application Thread] DEBUG Engine               - isMenuEnabled: false
15:11:15.147 [JavaFX Application Thread] DEBUG Engine               - urlPOM: https://raw.githubusercontent.com/AlmasB/FXGL/master/pom.xml
15:11:15.147 [JavaFX Application Thread] DEBUG Engine               - profileName: user.profile
15:11:15.147 [JavaFX Application Thread] DEBUG Engine               - notificationViewClass: class com.almasb.fxgl.notification.view.XboxNotificationView
15:11:15.147 [JavaFX Application Thread] DEBUG Engine               - devSensorColorProperty: ObjectProperty [value: 0xffff00ff]
15:11:15.148 [JavaFX Application Thread] DEBUG Engine               - sceneFactory: com.almasb.fxgl.app.SceneFactory@528dd6a2
15:11:15.149 [JavaFX Application Thread] DEBUG Engine               - dataFileExt: .dat
15:11:15.150 [JavaFX Application Thread] DEBUG Engine               - stageStyle: DECORATED
15:11:15.150 [JavaFX Application Thread] DEBUG Engine               - isManualResizeEnabled: true
15:11:15.150 [JavaFX Application Thread] DEBUG Engine               - title: FXGL GOLD MINERS
15:11:15.150 [JavaFX Application Thread] DEBUG Engine               - platform: WINDOWS
15:11:15.151 [JavaFX Application Thread] DEBUG Engine               - devBBoxColorProperty: ObjectProperty [value: 0xff0000ff]
15:11:15.151 [JavaFX Application Thread] DEBUG Engine               - isDesktop: true
15:11:15.151 [JavaFX Application Thread] DEBUG Engine               - credits: []
15:11:15.152 [JavaFX Application Thread] DEBUG Engine               - globalMusicVolumeProperty: DoubleProperty [value: 0.5]
15:11:15.152 [JavaFX Application Thread] DEBUG Engine               - uIFactory: com.almasb.fxgl.ui.FXGLUIFactory@62154f86
15:11:15.152 [JavaFX Application Thread] DEBUG Engine               - isPreserveResizeRatio: true
15:11:15.153 [JavaFX Application Thread] DEBUG Engine               - fontText: Courier-Prime.ttf
15:11:15.153 [JavaFX Application Thread] DEBUG Engine               - isExperimentalTiledLargeMap: false
15:11:15.153 [JavaFX Application Thread] DEBUG Engine               - secondsIn24h: 60
15:11:15.153 [JavaFX Application Thread] DEBUG Engine               - runtimeInfo: RuntimeInfo(platform=WINDOWS, version=11.7, build=05.01.2020 09.37)
15:11:15.154 [JavaFX Application Thread] DEBUG Engine               - isLinux: false
15:11:15.154 [JavaFX Application Thread] DEBUG Engine               - soundMenuPress: menu/press.wav
15:11:15.154 [JavaFX Application Thread] DEBUG Engine               - urlGithub: https://github.com/AlmasB/FXGL
15:11:15.154 [JavaFX Application Thread] DEBUG Engine               - profileDir: profiles/
15:11:15.154 [JavaFX Application Thread] DEBUG Engine               - isDeveloperMenuEnabled: false
15:11:15.154 [JavaFX Application Thread] DEBUG Engine               - globalSoundVolumeProperty: DoubleProperty [value: 0.5]
15:11:15.155 [JavaFX Application Thread] DEBUG Engine               - isBrowser: false
15:11:15.155 [JavaFX Application Thread] DEBUG Engine               - urlLeaderboard: http://fxgl-top.herokuapp.com/
15:11:15.155 [JavaFX Application Thread] DEBUG Engine               - globalSoundVolume: 0.5
15:11:15.155 [JavaFX Application Thread] DEBUG Engine               - saveDir: saves/
15:11:15.155 [JavaFX Application Thread] DEBUG Engine               - engineServices: [class com.almasb.fxgl.audio.AudioPlayer, class com.almasb.fxgl.notification.impl.NotificationServiceProvider, class com.almasb.fxgl.achievement.AchievementManager, class com.almasb.fxgl.cutscene.CutsceneService, class com.almasb.fxgl.minigames.MiniGameService]
15:11:15.155 [JavaFX Application Thread] DEBUG Engine               - globalMusicVolume: 0.5
15:11:15.156 [JavaFX Application Thread] DEBUG Engine               - width: 880
15:11:15.156 [JavaFX Application Thread] DEBUG Engine               - saveFileExt: .sav
15:11:15.156 [JavaFX Application Thread] DEBUG Engine               - isAndroid: false
15:11:15.156 [JavaFX Application Thread] DEBUG Engine               - fontUI: VarelaRound-Regular.ttf
15:11:15.156 [JavaFX Application Thread] DEBUG Engine               - enabledMenuItems: []
15:11:15.157 [JavaFX Application Thread] DEBUG Engine               - isIOS: false
15:11:15.161 [JavaFX Application Thread] DEBUG Engine               - Adding new engine service: class com.almasb.fxgl.audio.AudioPlayer
15:11:15.163 [JavaFX Application Thread] DEBUG Engine               - Adding new engine service: class com.almasb.fxgl.notification.impl.NotificationServiceProvider
15:11:15.164 [JavaFX Application Thread] DEBUG Engine               - Adding new engine service: class com.almasb.fxgl.achievement.AchievementManager
15:11:15.166 [JavaFX Application Thread] DEBUG Engine               - Adding new engine service: class com.almasb.fxgl.cutscene.CutsceneService
15:11:15.167 [JavaFX Application Thread] DEBUG Engine               - Adding new engine service: class com.almasb.fxgl.minigames.MiniGameService
15:11:15.172 [JavaFX Application Thread] DEBUG Engine               - Loading localizations
15:11:15.177 [JavaFX Application Thread] DEBUG AssetLoader          - Loading from file system: /assets/properties/languages/english.properties
15:11:15.183 [JavaFX Application Thread] DEBUG AssetLoader          - Loading from file system: /assets/properties/languages/french.properties
15:11:15.186 [JavaFX Application Thread] DEBUG AssetLoader          - Loading from file system: /assets/properties/languages/german.properties
15:11:15.190 [JavaFX Application Thread] DEBUG AssetLoader          - Loading from file system: /assets/properties/languages/russian.properties
15:11:15.193 [JavaFX Application Thread] DEBUG AssetLoader          - Loading from file system: /assets/properties/languages/hungarian.properties
15:11:15.197 [JavaFX Application Thread] DEBUG Engine               - Registering font factories
15:11:15.198 [JavaFX Application Thread] DEBUG AssetLoader          - Loading from file system: /assets/ui/fonts/VarelaRound-Regular.ttf
15:11:15.950 [JavaFX Application Thread] DEBUG AssetLoader          - Loading from file system: /assets/ui/fonts/Abel-Regular.ttf
15:11:15.969 [JavaFX Application Thread] DEBUG AssetLoader          - Loading from file system: /assets/ui/fonts/lucida_console.ttf
15:11:15.990 [JavaFX Application Thread] DEBUG AssetLoader          - Loading from file system: /assets/ui/fonts/Courier-Prime.ttf
15:11:16.015 [JavaFX Application Thread] DEBUG Engine               - Setting UI factory
15:11:16.329 [JavaFX Application Thread] DEBUG AssetLoader          - Loading from file system: /assets/textures/fxgl_logo.png
15:11:16.528 [JavaFX Application Thread] DEBUG MainWindow           - Creating a JavaFX scene
15:11:16.528 [JavaFX Application Thread] DEBUG MainWindow           - Target size > screen size
15:11:16.709 [JavaFX Application Thread] DEBUG MainWindow           - Target settings size: 880.0 x 800.0
15:11:16.710 [JavaFX Application Thread] DEBUG MainWindow           - Scaled scene size:    786.0 x 737.0
15:11:16.710 [JavaFX Application Thread] DEBUG MainWindow           - Scaled ratio: (0.8931818181818182, 0.92125)
15:11:16.713 [JavaFX Application Thread] DEBUG MainWindow           - Set initial scene to FXGLStartupScene
15:11:16.728 [JavaFX Application Thread] DEBUG AssetLoader          - Loading from file system: /assets/textures/fxgl_icon.png
15:11:16.748 [JavaFX Application Thread] DEBUG Engine               - Applying CSS: fxgl_dark.css
15:11:16.749 [JavaFX Application Thread] DEBUG AssetLoader          - Loading from file system: /assets/ui/css/fxgl_dark.css
15:11:16.754 [JavaFX Application Thread] DEBUG AssetLoader          - Loading from file system: /assets/ui/cursors/fxgl_default.png
15:11:16.758 [JavaFX Application Thread] DEBUG MainWindow           - Opening main window
15:11:17.036 [JavaFX Application Thread] DEBUG MainWindow           - Window border size: (16.0, 39.0)
15:11:17.036 [JavaFX Application Thread] DEBUG MainWindow           - Scaled size: 786.0 x 737.0
15:11:17.037 [JavaFX Application Thread] DEBUG MainWindow           - Scaled ratio: (0.8931818181818182, 0.8931818181818182)
15:11:17.037 [JavaFX Application Thread] DEBUG MainWindow           - Scene size: 786.0 x 737.0
15:11:17.037 [JavaFX Application Thread] DEBUG MainWindow           - Stage size: 802.0 x 776.0
15:11:17.154 [FXGL Background Thread 1 ] DEBUG FS                   - Loaded FSServiceImpl
15:11:17.155 [FXGL Background Thread 1 ] DEBUG Engine               - Loading FXGL system data
15:11:17.165 [FXGL Background Thread 1 ] DEBUG FSServiceImpl        - Reading from: C:\Users\ABDERRAHIM\Desktop\GoldMinerSimulation\system\fxgl.bundle
15:11:17.181 [FXGL Background Thread 1 ] DEBUG Engine               - Bundle FXGL: {}
15:11:17.181 [FXGL Background Thread 1 ] DEBUG Engine               - Initializing application scenes
15:11:17.272 [FXGL Background Thread 1 ] DEBUG GameWorld            - Game world initialized
15:11:17.383 [FXGL Background Thread 1 ] DEBUG PhysicsWorld         - Physics world initialized: appHeight=800, physics.ppm=50,0
15:11:17.386 [FXGL Background Thread 1 ] DEBUG GameScene            - Game scene initialized: 880x800
15:11:17.441 [FXGL Background Thread 1 ] DEBUG Input                - Registered new binding: Resume - Esc
15:11:17.441 [FXGL Background Thread 1 ] DEBUG AssetLoader          - Loading from file system: /assets/textures/pause_menu_bg.png
15:11:17.496 [FXGL Background Thread 1 ] DEBUG Input                - Registered new binding: Pause - Esc
15:11:17.498 [FXGL Background Thread 1 ] DEBUG Engine               - Application scenes initialized
15:11:17.503 [JavaFX Application Thread] DEBUG Engine               - Running preInit()
15:11:17.505 [JavaFX Application Thread] DEBUG Input                - Registered new binding: Screenshot - P
15:11:17.506 [JavaFX Application Thread] DEBUG Input                - Registered new binding: System info dump - CTRL+9
15:11:17.506 [JavaFX Application Thread] DEBUG Input                - Registered new binding: Restart - CTRL+R
15:11:17.507 [JavaFX Application Thread] DEBUG Engine               - generateDefaultProfile()
15:11:17.507 [JavaFX Application Thread] DEBUG Engine               - Creating default profile
15:11:17.507 [JavaFX Application Thread] DEBUG EventBus             - Firing event: SaveEvent
15:11:17.526 [JavaFX Application Thread] INFO  Engine               - FXGL initialization took: 2,354 sec
15:11:17.526 [JavaFX Application Thread] DEBUG LoopRunner           - Starting loop
15:11:17.544 [JavaFX Application Thread] DEBUG FXGLStartupScene     - STARTUP
15:11:17.544 [JavaFX Application Thread] DEBUG Engine               - Starting new game
15:11:17.558 [JavaFX Application Thread] DEBUG Input                - Clearing active input actions
15:11:17.559 [FXGL Background Thread 1 ] DEBUG InitAppTask          - Clearing previous game
15:11:17.559 [FXGL Background Thread 1 ] DEBUG GameWorld            - Clearing game world
15:11:17.559 [FXGL Background Thread 1 ] DEBUG PhysicsWorld         - Clearing physics world
15:11:17.559 [FXGL Background Thread 1 ] DEBUG GameScene            - Clearing game scene
15:11:17.560 [FXGL Background Thread 1 ] DEBUG InitAppTask          - Initializing Game
15:11:17.591 [JavaFX Application Thread] DEBUG Engine               - Removing overlay from FXGLStartupScene and adding to LoadingScene
15:11:17.591 [JavaFX Application Thread] DEBUG MainWindow           - FXGLStartupScene -> LoadingScene
15:11:17.630 [FXGL Background Thread 1 ] DEBUG AssetLoader          - Loading from file system: /assets/textures/miner.png
15:11:17.637 [FXGL Background Thread 1 ] DEBUG InitAppTask          - Initializing Physics
15:11:17.637 [FXGL Background Thread 1 ] DEBUG InitAppTask          - Initializing UI
15:11:17.637 [FXGL Background Thread 1 ] DEBUG InitAppTask          - Initialization Complete
15:11:17.637 [FXGL Background Thread 1 ] INFO  InitAppTask          - Game initialization took: 0,079 sec
15:11:17.696 [JavaFX Application Thread] DEBUG Input                - Clearing active input actions
15:11:17.713 [JavaFX Application Thread] DEBUG Engine               - Removing overlay from LoadingScene and adding to GameScene
15:11:17.713 [JavaFX Application Thread] DEBUG MainWindow           - LoadingScene -> GameScene
15:11:19.060 [JavaFX Application Thread] DEBUG Engine               - Exiting FXGL
15:11:19.060 [JavaFX Application Thread] DEBUG Engine               - Shutting down background threads
15:11:19.060 [JavaFX Application Thread] DEBUG Engine               - Saving FXGL system data
15:11:19.065 [JavaFX Application Thread] DEBUG FSServiceImpl        - Writing to: C:\Users\ABDERRAHIM\Desktop\GoldMinerSimulation\system\fxgl.bundle
15:11:19.068 [JavaFX Application Thread] DEBUG Engine               - Closing logger and exiting JavaFX
