14:11:01.414 [main                     ] DEBUG GameApplication      - Logger initialized
14:11:01.483 [main                     ] DEBUG GameApplication      - Logging settings
Title: FXGL GOLD MINERS
Version: 1.0
Width: 880
Height: 800
Fullscreen: false
Intro: false
Menus: false
Profiling: false
Single step:false
App Mode: DEVELOPER
Menu Key: ESCAPE
Stage Style: DECORATED
Scene Factory: class com.almasb.fxgl.app.SceneFactory
Dialog Factory: class com.almasb.fxgl.ui.FXGLDialogFactory
UI Factory: class com.almasb.fxgl.ui.FXGLUIFactory

14:11:02.696 [JavaFX Application Thread] DEBUG Engine               - Initializing FXGL
14:11:02.697 [JavaFX Application Thread] INFO  Engine               - FXGL-11.7 (05.01.2020 09.37) on WINDOWS (J:11.0.5 FX:12.0.1)
14:11:02.698 [JavaFX Application Thread] INFO  Engine               - Source code and latest versions at: https://github.com/AlmasB/FXGL
14:11:02.698 [JavaFX Application Thread] INFO  Engine               -              Join the FXGL chat at: https://gitter.im/AlmasB/FXGL
14:11:02.699 [JavaFX Application Thread] DEBUG Engine               - Initializing environment variables
14:11:02.709 [JavaFX Application Thread] DEBUG Engine               - Logging environment variables
14:11:02.710 [JavaFX Application Thread] DEBUG Engine               - achievements: []
14:11:02.711 [JavaFX Application Thread] DEBUG Engine               - sceneStack: com.almasb.fxgl.app.Engine@12a02c7c
14:11:02.711 [JavaFX Application Thread] DEBUG Engine               - language: ObjectProperty [value: ENGLISH]
14:11:02.712 [JavaFX Application Thread] DEBUG Engine               - isCloseConfirmation: false
14:11:02.712 [JavaFX Application Thread] DEBUG Engine               - isProfilingEnabled: false
14:11:02.712 [JavaFX Application Thread] DEBUG Engine               - soundNotification: core/notification.wav
14:11:02.714 [JavaFX Application Thread] DEBUG Engine               - devShowBBoxProperty: BooleanProperty [value: false]
14:11:02.717 [JavaFX Application Thread] DEBUG Engine               - pixelsPerMeter: 50.0
14:11:02.717 [JavaFX Application Thread] DEBUG Engine               - overlayRoot: Group@1a1ba951
14:11:02.718 [JavaFX Application Thread] DEBUG Engine               - appIcon: fxgl_icon.png
14:11:02.718 [JavaFX Application Thread] DEBUG Engine               - soundMenuBack: menu/back.wav
14:11:02.718 [JavaFX Application Thread] DEBUG Engine               - isFullScreenAllowed: false
14:11:02.718 [JavaFX Application Thread] DEBUG Engine               - isIntroEnabled: false
14:11:02.719 [JavaFX Application Thread] DEBUG Engine               - eventBus: com.almasb.fxgl.event.EventBus@25dd04c7
14:11:02.719 [JavaFX Application Thread] DEBUG Engine               - fontMono: lucida_console.ttf
14:11:02.719 [JavaFX Application Thread] DEBUG Engine               - soundMenuSelect: menu/select.wav
14:11:02.720 [JavaFX Application Thread] DEBUG Engine               - isWindows: true
14:11:02.720 [JavaFX Application Thread] DEBUG Engine               - isMobile: false
14:11:02.720 [JavaFX Application Thread] DEBUG Engine               - height: 800
14:11:02.720 [JavaFX Application Thread] DEBUG Engine               - isExperimentalNative: false
14:11:02.721 [JavaFX Application Thread] DEBUG Engine               - isSingleStep: false
14:11:02.721 [JavaFX Application Thread] DEBUG Engine               - cSSList: [fxgl_dark.css]
14:11:02.721 [JavaFX Application Thread] DEBUG Engine               - fontGame: Abel-Regular.ttf
14:11:02.721 [JavaFX Application Thread] DEBUG Engine               - menuKey: ESCAPE
14:11:02.721 [JavaFX Application Thread] DEBUG Engine               - devShowPositionProperty: BooleanProperty [value: false]
14:11:02.722 [JavaFX Application Thread] DEBUG Engine               - versionCheckDays: 7
14:11:02.722 [JavaFX Application Thread] DEBUG Engine               - masterTimer: com.almasb.fxgl.time.Timer@360d0fcc
14:11:02.722 [JavaFX Application Thread] DEBUG Engine               - configClass: Optional.empty
14:11:02.722 [JavaFX Application Thread] DEBUG Engine               - isFullScreenFromStart: false
14:11:02.722 [JavaFX Application Thread] DEBUG Engine               - version: 1.0
14:11:02.722 [JavaFX Application Thread] DEBUG Engine               - fullScreen: BooleanProperty [value: false]
14:11:02.723 [JavaFX Application Thread] DEBUG Engine               - randomSeed: -1
14:11:02.723 [JavaFX Application Thread] DEBUG Engine               - dialogFactory: com.almasb.fxgl.ui.FXGLDialogFactory@607a3e80
14:11:02.723 [JavaFX Application Thread] DEBUG Engine               - applicationMode: DEVELOPER
14:11:02.723 [JavaFX Application Thread] DEBUG Engine               - isMac: false
14:11:02.723 [JavaFX Application Thread] DEBUG Engine               - urlGoogleForms: https://goo.gl/forms/6wrMnOBxTE1fEpOy2
14:11:02.723 [JavaFX Application Thread] DEBUG Engine               - isMenuEnabled: false
14:11:02.724 [JavaFX Application Thread] DEBUG Engine               - profileName: user.profile
14:11:02.724 [JavaFX Application Thread] DEBUG Engine               - urlPOM: https://raw.githubusercontent.com/AlmasB/FXGL/master/pom.xml
14:11:02.724 [JavaFX Application Thread] DEBUG Engine               - notificationViewClass: class com.almasb.fxgl.notification.view.XboxNotificationView
14:11:02.724 [JavaFX Application Thread] DEBUG Engine               - devSensorColorProperty: ObjectProperty [value: 0xffff00ff]
14:11:02.724 [JavaFX Application Thread] DEBUG Engine               - sceneFactory: com.almasb.fxgl.app.SceneFactory@276c42ff
14:11:02.725 [JavaFX Application Thread] DEBUG Engine               - dataFileExt: .dat
14:11:02.725 [JavaFX Application Thread] DEBUG Engine               - stageStyle: DECORATED
14:11:02.725 [JavaFX Application Thread] DEBUG Engine               - isManualResizeEnabled: true
14:11:02.725 [JavaFX Application Thread] DEBUG Engine               - title: FXGL GOLD MINERS
14:11:02.725 [JavaFX Application Thread] DEBUG Engine               - platform: WINDOWS
14:11:02.725 [JavaFX Application Thread] DEBUG Engine               - devBBoxColorProperty: ObjectProperty [value: 0xff0000ff]
14:11:02.726 [JavaFX Application Thread] DEBUG Engine               - isDesktop: true
14:11:02.726 [JavaFX Application Thread] DEBUG Engine               - credits: []
14:11:02.726 [JavaFX Application Thread] DEBUG Engine               - globalMusicVolumeProperty: DoubleProperty [value: 0.5]
14:11:02.726 [JavaFX Application Thread] DEBUG Engine               - uIFactory: com.almasb.fxgl.ui.FXGLUIFactory@6a5a81e9
14:11:02.726 [JavaFX Application Thread] DEBUG Engine               - isPreserveResizeRatio: true
14:11:02.726 [JavaFX Application Thread] DEBUG Engine               - fontText: Courier-Prime.ttf
14:11:02.727 [JavaFX Application Thread] DEBUG Engine               - isExperimentalTiledLargeMap: false
14:11:02.727 [JavaFX Application Thread] DEBUG Engine               - secondsIn24h: 60
14:11:02.727 [JavaFX Application Thread] DEBUG Engine               - runtimeInfo: RuntimeInfo(platform=WINDOWS, version=11.7, build=05.01.2020 09.37)
14:11:02.728 [JavaFX Application Thread] DEBUG Engine               - isLinux: false
14:11:02.728 [JavaFX Application Thread] DEBUG Engine               - soundMenuPress: menu/press.wav
14:11:02.728 [JavaFX Application Thread] DEBUG Engine               - urlGithub: https://github.com/AlmasB/FXGL
14:11:02.728 [JavaFX Application Thread] DEBUG Engine               - profileDir: profiles/
14:11:02.728 [JavaFX Application Thread] DEBUG Engine               - isDeveloperMenuEnabled: false
14:11:02.728 [JavaFX Application Thread] DEBUG Engine               - globalSoundVolumeProperty: DoubleProperty [value: 0.5]
14:11:02.729 [JavaFX Application Thread] DEBUG Engine               - isBrowser: false
14:11:02.730 [JavaFX Application Thread] DEBUG Engine               - urlLeaderboard: http://fxgl-top.herokuapp.com/
14:11:02.730 [JavaFX Application Thread] DEBUG Engine               - globalSoundVolume: 0.5
14:11:02.731 [JavaFX Application Thread] DEBUG Engine               - saveDir: saves/
14:11:02.731 [JavaFX Application Thread] DEBUG Engine               - engineServices: [class com.almasb.fxgl.audio.AudioPlayer, class com.almasb.fxgl.notification.impl.NotificationServiceProvider, class com.almasb.fxgl.achievement.AchievementManager, class com.almasb.fxgl.cutscene.CutsceneService, class com.almasb.fxgl.minigames.MiniGameService]
14:11:02.736 [JavaFX Application Thread] DEBUG Engine               - globalMusicVolume: 0.5
14:11:02.736 [JavaFX Application Thread] DEBUG Engine               - width: 880
14:11:02.736 [JavaFX Application Thread] DEBUG Engine               - saveFileExt: .sav
14:11:02.736 [JavaFX Application Thread] DEBUG Engine               - isAndroid: false
14:11:02.737 [JavaFX Application Thread] DEBUG Engine               - fontUI: VarelaRound-Regular.ttf
14:11:02.737 [JavaFX Application Thread] DEBUG Engine               - enabledMenuItems: []
14:11:02.737 [JavaFX Application Thread] DEBUG Engine               - isIOS: false
14:11:02.741 [JavaFX Application Thread] DEBUG Engine               - Adding new engine service: class com.almasb.fxgl.audio.AudioPlayer
14:11:02.744 [JavaFX Application Thread] DEBUG Engine               - Adding new engine service: class com.almasb.fxgl.notification.impl.NotificationServiceProvider
14:11:02.744 [JavaFX Application Thread] DEBUG Engine               - Adding new engine service: class com.almasb.fxgl.achievement.AchievementManager
14:11:02.746 [JavaFX Application Thread] DEBUG Engine               - Adding new engine service: class com.almasb.fxgl.cutscene.CutsceneService
14:11:02.746 [JavaFX Application Thread] DEBUG Engine               - Adding new engine service: class com.almasb.fxgl.minigames.MiniGameService
14:11:02.752 [JavaFX Application Thread] DEBUG Engine               - Loading localizations
14:11:02.757 [JavaFX Application Thread] DEBUG AssetLoader          - Loading from file system: /assets/properties/languages/english.properties
14:11:02.762 [JavaFX Application Thread] DEBUG AssetLoader          - Loading from file system: /assets/properties/languages/french.properties
14:11:02.764 [JavaFX Application Thread] DEBUG AssetLoader          - Loading from file system: /assets/properties/languages/german.properties
14:11:02.767 [JavaFX Application Thread] DEBUG AssetLoader          - Loading from file system: /assets/properties/languages/russian.properties
14:11:02.770 [JavaFX Application Thread] DEBUG AssetLoader          - Loading from file system: /assets/properties/languages/hungarian.properties
14:11:02.779 [JavaFX Application Thread] DEBUG Engine               - Registering font factories
14:11:02.780 [JavaFX Application Thread] DEBUG AssetLoader          - Loading from file system: /assets/ui/fonts/VarelaRound-Regular.ttf
14:11:04.082 [JavaFX Application Thread] DEBUG AssetLoader          - Loading from file system: /assets/ui/fonts/Abel-Regular.ttf
14:11:04.149 [JavaFX Application Thread] DEBUG AssetLoader          - Loading from file system: /assets/ui/fonts/lucida_console.ttf
14:11:04.199 [JavaFX Application Thread] DEBUG AssetLoader          - Loading from file system: /assets/ui/fonts/Courier-Prime.ttf
14:11:04.282 [JavaFX Application Thread] DEBUG Engine               - Setting UI factory
14:11:04.684 [JavaFX Application Thread] DEBUG AssetLoader          - Loading from file system: /assets/textures/fxgl_logo.png
14:11:04.848 [JavaFX Application Thread] DEBUG MainWindow           - Creating a JavaFX scene
14:11:04.848 [JavaFX Application Thread] DEBUG MainWindow           - Target size > screen size
14:11:04.953 [JavaFX Application Thread] DEBUG MainWindow           - Target settings size: 880.0 x 800.0
14:11:04.953 [JavaFX Application Thread] DEBUG MainWindow           - Scaled scene size:    786.0 x 737.0
14:11:04.953 [JavaFX Application Thread] DEBUG MainWindow           - Scaled ratio: (0.8931818181818182, 0.92125)
14:11:04.956 [JavaFX Application Thread] DEBUG MainWindow           - Set initial scene to FXGLStartupScene
14:11:04.972 [JavaFX Application Thread] DEBUG AssetLoader          - Loading from file system: /assets/textures/fxgl_icon.png
14:11:04.995 [JavaFX Application Thread] DEBUG Engine               - Applying CSS: fxgl_dark.css
14:11:04.996 [JavaFX Application Thread] DEBUG AssetLoader          - Loading from file system: /assets/ui/css/fxgl_dark.css
14:11:05.003 [JavaFX Application Thread] DEBUG AssetLoader          - Loading from file system: /assets/ui/cursors/fxgl_default.png
14:11:05.007 [JavaFX Application Thread] DEBUG MainWindow           - Opening main window
14:11:05.334 [JavaFX Application Thread] DEBUG MainWindow           - Window border size: (16.0, 39.0)
14:11:05.334 [JavaFX Application Thread] DEBUG MainWindow           - Scaled size: 786.0 x 737.0
14:11:05.334 [JavaFX Application Thread] DEBUG MainWindow           - Scaled ratio: (0.8931818181818182, 0.8931818181818182)
14:11:05.334 [JavaFX Application Thread] DEBUG MainWindow           - Scene size: 786.0 x 737.0
14:11:05.335 [JavaFX Application Thread] DEBUG MainWindow           - Stage size: 802.0 x 776.0
14:11:05.395 [FXGL Background Thread 1 ] DEBUG FS                   - Loaded FSServiceImpl
14:11:05.396 [FXGL Background Thread 1 ] DEBUG Engine               - Loading FXGL system data
14:11:05.426 [FXGL Background Thread 1 ] DEBUG FSServiceImpl        - Reading from: C:\Users\ABDERRAHIM\Desktop\GoldMinerSimulation\system\fxgl.bundle
14:11:05.448 [FXGL Background Thread 1 ] DEBUG Engine               - Bundle FXGL: {}
14:11:05.448 [FXGL Background Thread 1 ] DEBUG Engine               - Initializing application scenes
14:11:05.638 [FXGL Background Thread 1 ] DEBUG GameWorld            - Game world initialized
14:11:05.763 [FXGL Background Thread 1 ] DEBUG PhysicsWorld         - Physics world initialized: appHeight=800, physics.ppm=50,0
14:11:05.765 [FXGL Background Thread 1 ] DEBUG GameScene            - Game scene initialized: 880x800
14:11:05.838 [FXGL Background Thread 1 ] DEBUG Input                - Registered new binding: Resume - Esc
14:11:05.838 [FXGL Background Thread 1 ] DEBUG AssetLoader          - Loading from file system: /assets/textures/pause_menu_bg.png
14:11:05.898 [FXGL Background Thread 1 ] DEBUG Input                - Registered new binding: Pause - Esc
14:11:05.899 [FXGL Background Thread 1 ] DEBUG Engine               - Application scenes initialized
14:11:05.905 [JavaFX Application Thread] DEBUG Engine               - Running preInit()
14:11:05.906 [JavaFX Application Thread] DEBUG Input                - Registered new binding: Screenshot - P
14:11:05.907 [JavaFX Application Thread] DEBUG Input                - Registered new binding: System info dump - CTRL+9
14:11:05.908 [JavaFX Application Thread] DEBUG Input                - Registered new binding: Restart - CTRL+R
14:11:05.908 [JavaFX Application Thread] DEBUG Engine               - generateDefaultProfile()
14:11:05.908 [JavaFX Application Thread] DEBUG Engine               - Creating default profile
14:11:05.908 [JavaFX Application Thread] DEBUG EventBus             - Firing event: SaveEvent
14:11:05.930 [JavaFX Application Thread] INFO  Engine               - FXGL initialization took: 3,178 sec
14:11:05.931 [JavaFX Application Thread] DEBUG LoopRunner           - Starting loop
14:11:05.952 [JavaFX Application Thread] DEBUG FXGLStartupScene     - STARTUP
14:11:05.952 [JavaFX Application Thread] DEBUG Engine               - Starting new game
14:11:05.961 [JavaFX Application Thread] DEBUG Input                - Clearing active input actions
14:11:05.962 [FXGL Background Thread 1 ] DEBUG InitAppTask          - Clearing previous game
14:11:05.962 [FXGL Background Thread 1 ] DEBUG GameWorld            - Clearing game world
14:11:05.962 [FXGL Background Thread 1 ] DEBUG PhysicsWorld         - Clearing physics world
14:11:05.962 [FXGL Background Thread 1 ] DEBUG GameScene            - Clearing game scene
14:11:05.963 [FXGL Background Thread 1 ] DEBUG InitAppTask          - Initializing Game
14:11:05.964 [FXGL Background Thread 1 ] DEBUG InitAppTask          - Initializing Physics
14:11:05.965 [FXGL Background Thread 1 ] DEBUG InitAppTask          - Initializing UI
14:11:05.965 [FXGL Background Thread 1 ] DEBUG InitAppTask          - Initialization Complete
14:11:05.965 [FXGL Background Thread 1 ] INFO  InitAppTask          - Game initialization took: 0,003 sec
14:11:06.013 [JavaFX Application Thread] DEBUG Engine               - Removing overlay from FXGLStartupScene and adding to LoadingScene
14:11:06.017 [JavaFX Application Thread] DEBUG MainWindow           - FXGLStartupScene -> LoadingScene
14:11:06.217 [JavaFX Application Thread] DEBUG Input                - Clearing active input actions
14:11:06.232 [JavaFX Application Thread] DEBUG Engine               - Removing overlay from LoadingScene and adding to GameScene
14:11:06.233 [JavaFX Application Thread] DEBUG MainWindow           - LoadingScene -> GameScene
14:11:21.402 [JavaFX Application Thread] DEBUG Engine               - Exiting FXGL
14:11:21.403 [JavaFX Application Thread] DEBUG Engine               - Shutting down background threads
14:11:21.403 [JavaFX Application Thread] DEBUG Engine               - Saving FXGL system data
14:11:21.408 [JavaFX Application Thread] DEBUG FSServiceImpl        - Writing to: C:\Users\ABDERRAHIM\Desktop\GoldMinerSimulation\system\fxgl.bundle
14:11:21.412 [JavaFX Application Thread] DEBUG Engine               - Closing logger and exiting JavaFX
